<?xml version="1.0" encoding="UTF-8"?>
<!-- Generated by org.testng.reporters.JUnitReportReporter -->
<testsuite hostname="LAPTOP-L9PNFTFA" failures="1" tests="3" name="com.Movies.TestClass.TC_SearchBoxImbd_001" time="32.752" errors="0" timestamp="2022-12-08T16:45:12 IST" skipped="0">
  <testcase classname="com.Movies.TestClass.TC_SearchBoxImbd_001" name="HomePageTitle" time="16.973"/>
  <system-out/>
  <testcase classname="com.Movies.TestClass.TC_SearchBoxImbd_001" name="validatedCountry" time="15.751"/>
  <system-out/>
  <testcase classname="com.Movies.TestClass.TC_SearchBoxImbd_001" name="Datevalidate" time="0.028">
    <failure message="expected [December 17, 2021] but found [December 17, 2021 (United States)]" type="java.lang.AssertionError">
      <![CDATA[java.lang.AssertionError: expected [December 17, 2021] but found [December 17, 2021 (United States)]
at org.testng.Assert.fail(Assert.java:110)
at org.testng.Assert.failNotEquals(Assert.java:1413)
at org.testng.Assert.assertEqualsImpl(Assert.java:149)
at org.testng.Assert.assertEquals(Assert.java:131)
at org.testng.Assert.assertEquals(Assert.java:655)
at org.testng.Assert.assertEquals(Assert.java:665)
at com.Movies.TestClass.TC_SearchBoxImbd_001.Datevalidate(TC_SearchBoxImbd_001.java:46)
at java.base/jdk.internal.reflect.DirectMethodHandleAccessor.invoke(DirectMethodHandleAccessor.java:104)
at java.base/java.lang.reflect.Method.invoke(Method.java:577)
at org.testng.internal.invokers.MethodInvocationHelper.invokeMethod(MethodInvocationHelper.java:139)
at org.testng.internal.invokers.TestInvoker.invokeMethod(TestInvoker.java:677)
at org.testng.internal.invokers.TestInvoker.invokeTestMethod(TestInvoker.java:221)
at org.testng.internal.invokers.MethodRunner.runInSequence(MethodRunner.java:50)
at org.testng.internal.invokers.TestInvoker$MethodInvocationAgent.invoke(TestInvoker.java:962)
at org.testng.internal.invokers.TestInvoker.invokeTestMethods(TestInvoker.java:194)
at org.testng.internal.invokers.TestMethodWorker.invokeTestMethods(TestMethodWorker.java:148)
at org.testng.internal.invokers.TestMethodWorker.run(TestMethodWorker.java:128)
at java.base/java.util.concurrent.ThreadPoolExecutor.runWorker(ThreadPoolExecutor.java:1136)
at java.base/java.util.concurrent.ThreadPoolExecutor$Worker.run(ThreadPoolExecutor.java:635)
at java.base/java.lang.Thread.run(Thread.java:833)
]]>
    </failure>
  </testcase> <!-- Datevalidate -->
  <system-out/>
</testsuite> <!-- com.Movies.TestClass.TC_SearchBoxImbd_001 -->
