<?xml version="1.0" encoding="UTF-8"?>
<!-- Generated by org.testng.reporters.JUnitXMLReporter -->
<testsuite ignored="0" hostname="LAPTOP-L9PNFTFA" failures="1" tests="6" name="Test1" time="43.134" errors="0" timestamp="2022-12-08T16:45:12 IST">
  <testcase classname="com.Movies.TestClass.TC_SearchBoxImbd_001" name="HomePageTitle" time="16.973"/>
  <testcase classname="com.Movies.TestClass.TC_Wikipedia_002" name="HomeTitle" time="21.595"/>
  <testcase classname="com.Movies.TestClass.TC_Wikipedia_002" name="MoviesReleaseDateValidate" time="0.003"/>
  <testcase classname="com.Movies.TestClass.TC_Wikipedia_002" name="MoviesReleaseCountry" time="0.001"/>
  <testcase classname="com.Movies.TestClass.TC_SearchBoxImbd_001" name="validatedCountry" time="15.751"/>
  <testcase classname="com.Movies.TestClass.TC_SearchBoxImbd_001" name="Datevalidate" time="0.028">
    <failure type="java.lang.AssertionError" message="expected [December 17, 2021] but found [December 17, 2021 (United States)]">
      <![CDATA[java.lang.AssertionError: expected [December 17, 2021] but found [December 17, 2021 (United States)]
at com.Movies.TestClass.TC_SearchBoxImbd_001.Datevalidate(TC_SearchBoxImbd_001.java:46)
at java.base/java.util.concurrent.ThreadPoolExecutor.runWorker(ThreadPoolExecutor.java:1136)
at java.base/java.util.concurrent.ThreadPoolExecutor$Worker.run(ThreadPoolExecutor.java:635)
at java.base/java.lang.Thread.run(Thread.java:833)
... Removed 16 stack frames]]>
    </failure>
  </testcase> <!-- Datevalidate -->
</testsuite> <!-- Test1 -->
